<!DOCTYPE html PUBLIC "-//W3C//DTD XHTML 1.1//EN" "https://www.w3.org/TR/xhtml11/DTD/xhtml11.dtd">
<html xmlns="https://www.w3.org/1999/xhtml">
<head>
<meta http-equiv="content-type" content="text/html; charset=UTF-8"/>
<title>TestNG Report</title>
<style type="text/css">table {margin-bottom:10px;border-collapse:collapse;empty-cells:show}th,td {border:1px solid #009;padding:.25em .5em}th {vertical-align:bottom}td {vertical-align:top}table a {font-weight:bold}.stripe td {background-color: #E6EBF9}.num {text-align:right}.passedodd td {background-color: #3F3}.passedeven td {background-color: #0A0}.skippedodd td {background-color: #DDD}.skippedeven td {background-color: #CCC}.failedodd td,.attn {background-color: #F33}.failedeven td,.stripe .attn {background-color: #D00}.stacktrace {white-space:pre;font-family:monospace}.totop {font-size:85%;text-align:center;border-bottom:2px solid #000}.invisible {display:none}</style>
</head>
<body>
<table>
<tr><th>Test</th><th># Passed</th><th># Skipped</th><th># Retried</th><th># Failed</th><th>Time (ms)</th><th>Included Groups</th><th>Excluded Groups</th></tr>
<tr><th colspan="8">Suite</th></tr>
<tr><td><a href="#t0">Test</a></td><td class="num">2</td><td class="num">0</td><td class="num attn">4</td><td class="num attn">1</td><td class="num">124,380</td><td></td><td></td></tr>
</table>
<table id='summary'><thead><tr><th>Class</th><th>Method</th><th>Start</th><th>Time (ms)</th></tr></thead><tbody><tr><th colspan="4">Suite</th></tr></tbody><tbody id="t0"><tr><th colspan="4">Test &#8212; failed</th></tr><tr class="failedeven"><td rowspan="1">Selenium.TestOne.PracticeOne</td><td><a href="#m0">inwardCheckAfterCreatingTheInvoice</a></td><td rowspan="1">1748192847286</td><td rowspan="1">2</td></tr><tr><th colspan="4">Test &#8212; retried</th></tr><tr class="retriedeven"><td rowspan="4">Selenium.TestOne.PracticeOne</td><td><a href="#m1">inwardCheckAfterCreatingTheInvoice</a></td><td rowspan="4">1748192847271</td><td rowspan="4">2</td></tr><tr class="retriedeven"><td><a href="#m2">inwardCheckAfterCreatingTheInvoice</a></td></tr><tr class="retriedeven"><td><a href="#m3">inwardCheckAfterCreatingTheInvoice</a></td></tr><tr class="retriedeven"><td><a href="#m4">inwardCheckAfterCreatingTheInvoice</a></td></tr><tr><th colspan="4">Test &#8212; passed</th></tr><tr class="passedeven"><td rowspan="2">Selenium.TestOne.PracticeOne</td><td><a href="#m5">CancelInvoiceVisible</a></td><td rowspan="1">1748192843313</td><td rowspan="1">3924</td></tr><tr class="passedeven"><td><a href="#m6">login</a></td><td rowspan="1">1748192723015</td><td rowspan="1">120288</td></tr></tbody>
</table>
<h2>Test</h2><h3 id="m0">Selenium.TestOne.PracticeOne#inwardCheckAfterCreatingTheInvoice</h3><table class="result"><tr><th>Exception</th></tr><tr><td><div class="stacktrace">org.openqa.selenium.InvalidSelectorException: Compound class names not permitted
For documentation on this error, please visit: https://www.selenium.dev/documentation/webdriver/troubleshooting/errors#invalid-selector-exception
Build info: version: &apos;4.31.0&apos;, revision: &apos;1ef9f18787*&apos;
System info: os.name: &apos;Windows 10&apos;, os.arch: &apos;amd64&apos;, os.version: &apos;10.0&apos;, java.version: &apos;24&apos;
Driver info: driver.version: unknown
	at org.openqa.selenium.By$ByClassName.&lt;init&gt;(By.java:309)
	at org.openqa.selenium.By.className(By.java:100)
	at Selenium.TestOne.BaseClass.CheckDeleteButtonAfterInvoice(BaseClass.java:463)
	at Selenium.TestOne.BaseClass.checkThePartsareEditableAfterInvoice(BaseClass.java:479)
	at Selenium.TestOne.PracticeOne.inwardCheckAfterCreatingTheInvoice(PracticeOne.java:62)
	at java.base/java.util.ArrayList.forEach(ArrayList.java:1604)
... Removed 25 stack frames</div></td></tr></table><p class="totop"><a href="#summary">back to summary</a></p>
<h3 id="m1">Selenium.TestOne.PracticeOne#inwardCheckAfterCreatingTheInvoice</h3><table class="result"><tr><th>Exception</th></tr><tr><td><div class="stacktrace">org.openqa.selenium.InvalidSelectorException: Compound class names not permitted
For documentation on this error, please visit: https://www.selenium.dev/documentation/webdriver/troubleshooting/errors#invalid-selector-exception
Build info: version: &apos;4.31.0&apos;, revision: &apos;1ef9f18787*&apos;
System info: os.name: &apos;Windows 10&apos;, os.arch: &apos;amd64&apos;, os.version: &apos;10.0&apos;, java.version: &apos;24&apos;
Driver info: driver.version: unknown
	at org.openqa.selenium.By$ByClassName.&lt;init&gt;(By.java:309)
	at org.openqa.selenium.By.className(By.java:100)
	at Selenium.TestOne.BaseClass.CheckDeleteButtonAfterInvoice(BaseClass.java:463)
	at Selenium.TestOne.BaseClass.checkThePartsareEditableAfterInvoice(BaseClass.java:479)
	at Selenium.TestOne.PracticeOne.inwardCheckAfterCreatingTheInvoice(PracticeOne.java:62)
	at java.base/java.util.ArrayList.forEach(ArrayList.java:1604)
... Removed 25 stack frames</div></td></tr></table><p class="totop"><a href="#summary">back to summary</a></p>
<h3 id="m2">Selenium.TestOne.PracticeOne#inwardCheckAfterCreatingTheInvoice</h3><table class="result"><tr><th>Exception</th></tr><tr><td><div class="stacktrace">org.openqa.selenium.InvalidSelectorException: Compound class names not permitted
For documentation on this error, please visit: https://www.selenium.dev/documentation/webdriver/troubleshooting/errors#invalid-selector-exception
Build info: version: &apos;4.31.0&apos;, revision: &apos;1ef9f18787*&apos;
System info: os.name: &apos;Windows 10&apos;, os.arch: &apos;amd64&apos;, os.version: &apos;10.0&apos;, java.version: &apos;24&apos;
Driver info: driver.version: unknown
	at org.openqa.selenium.By$ByClassName.&lt;init&gt;(By.java:309)
	at org.openqa.selenium.By.className(By.java:100)
	at Selenium.TestOne.BaseClass.CheckDeleteButtonAfterInvoice(BaseClass.java:463)
	at Selenium.TestOne.BaseClass.checkThePartsareEditableAfterInvoice(BaseClass.java:479)
	at Selenium.TestOne.PracticeOne.inwardCheckAfterCreatingTheInvoice(PracticeOne.java:62)
	at java.base/java.util.ArrayList.forEach(ArrayList.java:1604)
... Removed 25 stack frames</div></td></tr></table><p class="totop"><a href="#summary">back to summary</a></p>
<h3 id="m3">Selenium.TestOne.PracticeOne#inwardCheckAfterCreatingTheInvoice</h3><table class="result"><tr><th>Exception</th></tr><tr><td><div class="stacktrace">org.openqa.selenium.InvalidSelectorException: Compound class names not permitted
For documentation on this error, please visit: https://www.selenium.dev/documentation/webdriver/troubleshooting/errors#invalid-selector-exception
Build info: version: &apos;4.31.0&apos;, revision: &apos;1ef9f18787*&apos;
System info: os.name: &apos;Windows 10&apos;, os.arch: &apos;amd64&apos;, os.version: &apos;10.0&apos;, java.version: &apos;24&apos;
Driver info: driver.version: unknown
	at org.openqa.selenium.By$ByClassName.&lt;init&gt;(By.java:309)
	at org.openqa.selenium.By.className(By.java:100)
	at Selenium.TestOne.BaseClass.CheckDeleteButtonAfterInvoice(BaseClass.java:463)
	at Selenium.TestOne.BaseClass.checkThePartsareEditableAfterInvoice(BaseClass.java:479)
	at Selenium.TestOne.PracticeOne.inwardCheckAfterCreatingTheInvoice(PracticeOne.java:62)
	at java.base/java.util.ArrayList.forEach(ArrayList.java:1604)
... Removed 25 stack frames</div></td></tr></table><p class="totop"><a href="#summary">back to summary</a></p>
<h3 id="m4">Selenium.TestOne.PracticeOne#inwardCheckAfterCreatingTheInvoice</h3><table class="result"><tr><th>Exception</th></tr><tr><td><div class="stacktrace">org.openqa.selenium.InvalidSelectorException: Compound class names not permitted
For documentation on this error, please visit: https://www.selenium.dev/documentation/webdriver/troubleshooting/errors#invalid-selector-exception
Build info: version: &apos;4.31.0&apos;, revision: &apos;1ef9f18787*&apos;
System info: os.name: &apos;Windows 10&apos;, os.arch: &apos;amd64&apos;, os.version: &apos;10.0&apos;, java.version: &apos;24&apos;
Driver info: driver.version: unknown
	at org.openqa.selenium.By$ByClassName.&lt;init&gt;(By.java:309)
	at org.openqa.selenium.By.className(By.java:100)
	at Selenium.TestOne.BaseClass.CheckDeleteButtonAfterInvoice(BaseClass.java:463)
	at Selenium.TestOne.BaseClass.checkThePartsareEditableAfterInvoice(BaseClass.java:479)
	at Selenium.TestOne.PracticeOne.inwardCheckAfterCreatingTheInvoice(PracticeOne.java:62)
	at java.base/java.util.ArrayList.forEach(ArrayList.java:1604)
... Removed 25 stack frames</div></td></tr></table><p class="totop"><a href="#summary">back to summary</a></p>
<h3 id="m5">Selenium.TestOne.PracticeOne#CancelInvoiceVisible</h3><table class="result"><tr><th class="invisible"/></tr></table><p class="totop"><a href="#summary">back to summary</a></p>
<h3 id="m6">Selenium.TestOne.PracticeOne#login</h3><table class="result"><tr><th class="invisible"/></tr></table><p class="totop"><a href="#summary">back to summary</a></p>
</body>
</html>
