<?xml version="1.0" encoding="UTF-8"?>
<!-- Generated by org.testng.reporters.JUnitXMLReporter -->
<testsuite ignored="0" hostname="DESKTOP-GKI4CMR" failures="1" tests="7" name="Test" time="124.38" errors="0" timestamp="2025-05-25T22:37:27 IST">
  <testcase classname="Selenium.TestOne.PracticeOne" name="login" time="120.288"/>
  <testcase classname="Selenium.TestOne.PracticeOne" name="CancelInvoiceVisible" time="3.924"/>
  <testcase classname="Selenium.TestOne.PracticeOne" name="inwardCheckAfterCreatingTheInvoice" time="0.003">
    <skipped/>
  </testcase> <!-- inwardCheckAfterCreatingTheInvoice -->
  <testcase classname="Selenium.TestOne.PracticeOne" name="inwardCheckAfterCreatingTheInvoice" time="0.004">
    <skipped/>
  </testcase> <!-- inwardCheckAfterCreatingTheInvoice -->
  <testcase classname="Selenium.TestOne.PracticeOne" name="inwardCheckAfterCreatingTheInvoice" time="0.002">
    <skipped/>
  </testcase> <!-- inwardCheckAfterCreatingTheInvoice -->
  <testcase classname="Selenium.TestOne.PracticeOne" name="inwardCheckAfterCreatingTheInvoice" time="0.002">
    <skipped/>
  </testcase> <!-- inwardCheckAfterCreatingTheInvoice -->
  <testcase classname="Selenium.TestOne.PracticeOne" name="inwardCheckAfterCreatingTheInvoice" time="0.002">
    <failure type="org.openqa.selenium.InvalidSelectorException" message="Compound class names not permitted
For documentation on this error, please visit: https://www.selenium.dev/documentation/webdriver/troubleshooting/errors#invalid-selector-exception
Build info: version: &amp;apos;4.31.0&amp;apos;, revision: &amp;apos;1ef9f18787*&amp;apos;
System info: os.name: &amp;apos;Windows 10&amp;apos;, os.arch: &amp;apos;amd64&amp;apos;, os.version: &amp;apos;10.0&amp;apos;, java.version: &amp;apos;24&amp;apos;
Driver info: driver.version: unknown">
      <![CDATA[org.openqa.selenium.InvalidSelectorException: Compound class names not permitted
For documentation on this error, please visit: https://www.selenium.dev/documentation/webdriver/troubleshooting/errors#invalid-selector-exception
Build info: version: '4.31.0', revision: '1ef9f18787*'
System info: os.name: 'Windows 10', os.arch: 'amd64', os.version: '10.0', java.version: '24'
Driver info: driver.version: unknown
at org.openqa.selenium.By$ByClassName.<init>(By.java:309)
at org.openqa.selenium.By.className(By.java:100)
at Selenium.TestOne.BaseClass.CheckDeleteButtonAfterInvoice(BaseClass.java:463)
at Selenium.TestOne.BaseClass.checkThePartsareEditableAfterInvoice(BaseClass.java:479)
at Selenium.TestOne.PracticeOne.inwardCheckAfterCreatingTheInvoice(PracticeOne.java:62)
at java.base/java.util.ArrayList.forEach(ArrayList.java:1604)
... Removed 25 stack frames]]>
    </failure>
  </testcase> <!-- inwardCheckAfterCreatingTheInvoice -->
</testsuite> <!-- Test -->
